# JRE version: OpenJDK Runtime Environment (11.0.7+10) (build 11.0.7+10)
# Java VM: OpenJDK 64-Bit Server VM (11.0.7+10, mixed mode, tiered, compressed oops, g1 gc, windows-amd64)
Heap:
 garbage-first heap   total 131072K, used 45835K [0x0000000081600000, 0x0000000100000000)
  region size 1024K, 40 young (40960K), 7 survivors (7168K)
 Metaspace       used 34153K, capacity 35076K, committed 35328K, reserved 1081344K
  class space    used 3921K, capacity 4295K, committed 4352K, reserved 1048576K
GC Heap History (10 events):
Event: 1.086 GC heap before
{Heap before GC invocations=0 (full 0):
 garbage-first heap   total 131072K, used 14336K [0x0000000081600000, 0x0000000100000000)
  region size 1024K, 14 young (14336K), 0 survivors (0K)
 Metaspace       used 9070K, capacity 9180K, committed 9344K, reserved 1058816K
  class space    used 815K, capacity 868K, committed 896K, reserved 1048576K
}
Event: 1.128 GC heap after
{Heap after GC invocations=1 (full 0):
 garbage-first heap   total 131072K, used 5653K [0x0000000081600000, 0x0000000100000000)
  region size 1024K, 2 young (2048K), 2 survivors (2048K)
 Metaspace       used 9070K, capacity 9180K, committed 9344K, reserved 1058816K
  class space    used 815K, capacity 868K, committed 896K, reserved 1048576K
}
Event: 2.408 GC heap before
{Heap before GC invocations=1 (full 0):
 garbage-first heap   total 131072K, used 80405K [0x0000000081600000, 0x0000000100000000)
  region size 1024K, 76 young (77824K), 2 survivors (2048K)
 Metaspace       used 17445K, capacity 17829K, committed 18048K, reserved 1064960K
  class space    used 1769K, capacity 1920K, committed 1920K, reserved 1048576K
}
Event: 2.437 GC heap after
{Heap after GC invocations=2 (full 0):
 garbage-first heap   total 131072K, used 7426K [0x0000000081600000, 0x0000000100000000)
  region size 1024K, 4 young (4096K), 4 survivors (4096K)
 Metaspace       used 17445K, capacity 17829K, committed 18048K, reserved 1064960K
  class space    used 1769K, capacity 1920K, committed 1920K, reserved 1048576K
}
Event: 3.797 GC heap before
{Heap before GC invocations=2 (full 0):
 garbage-first heap   total 131072K, used 25858K [0x0000000081600000, 0x0000000100000000)
  region size 1024K, 23 young (23552K), 4 survivors (4096K)
 Metaspace       used 20821K, capacity 21208K, committed 21296K, reserved 1069056K
  class space    used 2256K, capacity 2431K, committed 2432K, reserved 1048576K
}
Event: 3.805 GC heap after
{Heap after GC invocations=3 (full 0):
 garbage-first heap   total 131072K, used 7947K [0x0000000081600000, 0x0000000100000000)
  region size 1024K, 5 young (5120K), 5 survivors (5120K)
 Metaspace       used 20821K, capacity 21208K, committed 21296K, reserved 1069056K
  class space    used 2256K, capacity 2431K, committed 2432K, reserved 1048576K
}
Event: 5.061 GC heap before
{Heap before GC invocations=4 (full 0):
 garbage-first heap   total 131072K, used 55051K [0x0000000081600000, 0x0000000100000000)
  region size 1024K, 52 young (53248K), 5 survivors (5120K)
 Metaspace       used 23570K, capacity 24098K, committed 24192K, reserved 1071104K
  class space    used 2627K, capacity 2857K, committed 2944K, reserved 1048576K
}
Event: 5.072 GC heap after
{Heap after GC invocations=5 (full 0):
 garbage-first heap   total 131072K, used 8865K [0x0000000081600000, 0x0000000100000000)
  region size 1024K, 4 young (4096K), 4 survivors (4096K)
 Metaspace       used 23570K, capacity 24098K, committed 24192K, reserved 1071104K
  class space    used 2627K, capacity 2857K, committed 2944K, reserved 1048576K
}
Event: 8.315 GC heap before
{Heap before GC invocations=5 (full 0):
 garbage-first heap   total 131072K, used 80545K [0x0000000081600000, 0x0000000100000000)
  region size 1024K, 75 young (76800K), 4 survivors (4096K)
 Metaspace       used 29450K, capacity 30201K, committed 30336K, reserved 1075200K
  class space    used 3357K, capacity 3681K, committed 3712K, reserved 1048576K
}
Event: 8.324 GC heap after
{Heap after GC invocations=6 (full 0):
 garbage-first heap   total 131072K, used 11378K [0x0000000081600000, 0x0000000100000000)
  region size 1024K, 6 young (6144K), 6 survivors (6144K)
 Metaspace       used 29450K, capacity 30201K, committed 30336K, reserved 1075200K
  class space    used 3357K, capacity 3681K, committed 3712K, reserved 1048576K
}

